2024-09-12 16:22:36,322 [INFO] com.proyecto.flotavehicular_webapp.FlotavehicularWebappApplication [restartedMain] Starting FlotavehicularWebappApplication using Java 22.0.2 with PID 7328 (C:\Users\crist\Desktop\flota-vehicular\target\classes started by crist in C:\Users\crist\Desktop\Flota-Vehicular)
2024-09-12 16:22:36,328 [INFO] com.proyecto.flotavehicular_webapp.FlotavehicularWebappApplication [restartedMain] No active profile set, falling back to 1 default profile: "default"
2024-09-12 16:22:36,360 [INFO] org.springframework.boot.devtools.env.DevToolsPropertyDefaultsPostProcessor [restartedMain] Devtools property defaults active! Set 'spring.devtools.add-properties' to 'false' to disable
2024-09-12 16:22:36,360 [INFO] org.springframework.boot.devtools.env.DevToolsPropertyDefaultsPostProcessor [restartedMain] For additional web related logging consider setting the 'logging.level.web' property to 'DEBUG'
2024-09-12 16:22:36,946 [INFO] org.springframework.data.repository.config.RepositoryConfigurationDelegate [restartedMain] Bootstrapping Spring Data JPA repositories in DEFAULT mode.
2024-09-12 16:22:36,990 [INFO] org.springframework.data.repository.config.RepositoryConfigurationDelegate [restartedMain] Finished Spring Data repository scanning in 39 ms. Found 4 JPA repository interfaces.
2024-09-12 16:22:37,451 [INFO] org.springframework.boot.web.embedded.tomcat.TomcatWebServer [restartedMain] Tomcat initialized with port 8080 (http)
2024-09-12 16:22:37,459 [INFO] org.apache.catalina.core.StandardService [restartedMain] Starting service [Tomcat]
2024-09-12 16:22:37,459 [INFO] org.apache.catalina.core.StandardEngine [restartedMain] Starting Servlet engine: [Apache Tomcat/10.1.24]
2024-09-12 16:22:37,499 [INFO] org.apache.catalina.core.ContainerBase.[Tomcat].[localhost].[/] [restartedMain] Initializing Spring embedded WebApplicationContext
2024-09-12 16:22:37,499 [INFO] org.springframework.boot.web.servlet.context.ServletWebServerApplicationContext [restartedMain] Root WebApplicationContext: initialization completed in 1139 ms
2024-09-12 16:22:37,599 [INFO] org.hibernate.jpa.internal.util.LogHelper [restartedMain] HHH000204: Processing PersistenceUnitInfo [name: default]
2024-09-12 16:22:37,655 [INFO] org.hibernate.Version [restartedMain] HHH000412: Hibernate ORM core version 6.5.2.Final
2024-09-12 16:22:37,685 [INFO] org.hibernate.cache.internal.RegionFactoryInitiator [restartedMain] HHH000026: Second-level cache disabled
2024-09-12 16:22:37,917 [INFO] org.springframework.orm.jpa.persistenceunit.SpringPersistenceUnitInfo [restartedMain] No LoadTimeWeaver setup: ignoring JPA class transformer
2024-09-12 16:22:37,940 [INFO] com.zaxxer.hikari.HikariDataSource [restartedMain] HikariPool-1 - Starting...
2024-09-12 16:22:40,031 [INFO] com.zaxxer.hikari.pool.HikariPool [restartedMain] HikariPool-1 - Added connection org.postgresql.jdbc.PgConnection@31b3b870
2024-09-12 16:22:40,032 [INFO] com.zaxxer.hikari.HikariDataSource [restartedMain] HikariPool-1 - Start completed.
2024-09-12 16:22:41,786 [INFO] org.hibernate.engine.transaction.jta.platform.internal.JtaPlatformInitiator [restartedMain] HHH000489: No JTA platform available (set 'hibernate.transaction.jta.platform' to enable JTA platform integration)
2024-09-12 16:22:49,906 [INFO] org.springframework.orm.jpa.LocalContainerEntityManagerFactoryBean [restartedMain] Initialized JPA EntityManagerFactory for persistence unit 'default'
2024-09-12 16:22:50,230 [WARN] org.springframework.boot.autoconfigure.orm.jpa.JpaBaseConfiguration$JpaWebConfiguration [restartedMain] spring.jpa.open-in-view is enabled by default. Therefore, database queries may be performed during view rendering. Explicitly configure spring.jpa.open-in-view to disable this warning
2024-09-12 16:22:50,529 [INFO] org.springframework.boot.devtools.autoconfigure.OptionalLiveReloadServer [restartedMain] LiveReload server is running on port 35729
2024-09-12 16:22:50,549 [INFO] org.springframework.boot.web.embedded.tomcat.TomcatWebServer [restartedMain] Tomcat started on port 8080 (http) with context path '/'
2024-09-12 16:22:50,554 [INFO] com.proyecto.flotavehicular_webapp.FlotavehicularWebappApplication [restartedMain] Started FlotavehicularWebappApplication in 14.505 seconds (process running for 15.355)
2024-09-12 16:24:44,785 [INFO] org.springframework.orm.jpa.LocalContainerEntityManagerFactoryBean [SpringApplicationShutdownHook] Closing JPA EntityManagerFactory for persistence unit 'default'
2024-09-12 16:24:44,788 [INFO] com.zaxxer.hikari.HikariDataSource [SpringApplicationShutdownHook] HikariPool-1 - Shutdown initiated...
2024-09-12 16:24:46,646 [INFO] com.zaxxer.hikari.HikariDataSource [SpringApplicationShutdownHook] HikariPool-1 - Shutdown completed.
